build/app/intermediates/manifest_merge_blame_file/debug/manifest-merger-blame-debug-report.txt
1<?xml version="1.0" encoding="utf-8"?>
2<manifest xmlns:android="http://schemas.android.com/apk/res/android"
3    package="com.example.insta_clone"
4    android:versionCode="1"
5    android:versionName="1.0.0" >
6
7    <uses-sdk
8        android:minSdkVersion="16"
9        android:targetSdkVersion="30" />
10    <!--
11         Flutter needs it to communicate with the running application
12         to allow setting breakpoints, to provide hot reload, etc.
13    -->
14    <uses-permission android:name="android.permission.INTERNET" />
14-->src\debug\AndroidManifest.xml:6:5-66
14-->src\debug\AndroidManifest.xml:6:22-64
15    <uses-permission android:name="android.permission.WRITE_EXTERNAL_STORAGE" />
15-->src\main\AndroidManifest.xml:3:5-81
15-->src\main\AndroidManifest.xml:3:22-78
16    <uses-permission android:name="android.permission.READ_EXTERNAL_STORAGE" />
16-->src\main\AndroidManifest.xml:4:5-80
16-->src\main\AndroidManifest.xml:4:22-77
17    <uses-permission android:name="android.permission.CAMERA" />
17-->src\main\AndroidManifest.xml:5:5-65
17-->src\main\AndroidManifest.xml:5:22-62
18    <!-- Although the *SdkVersion is captured in gradle build files, this is required for non gradle builds -->
19    <!-- <uses-sdk android:minSdkVersion="14" /> -->
20    <uses-permission android:name="android.permission.ACCESS_NETWORK_STATE" />
20-->[com.google.firebase:firebase-firestore:23.0.3] AndroidManifest.xml:13:5-79
20-->[com.google.firebase:firebase-firestore:23.0.3] AndroidManifest.xml:13:22-76
21    <uses-permission android:name="android.permission.WAKE_LOCK" /> <!-- Required by older versions of Google Play services to create IID tokens -->
21-->[com.google.firebase:firebase-iid:21.1.0] AndroidManifest.xml:24:5-68
21-->[com.google.firebase:firebase-iid:21.1.0] AndroidManifest.xml:24:22-65
22    <uses-permission android:name="com.google.android.c2dm.permission.RECEIVE" />
22-->[com.google.firebase:firebase-iid:21.1.0] AndroidManifest.xml:26:5-82
22-->[com.google.firebase:firebase-iid:21.1.0] AndroidManifest.xml:26:22-79
23
24    <application
24-->src\main\AndroidManifest.xml:6:4-43:19
25        android:name="androidx.multidex.MultiDexApplication"
26        android:appComponentFactory="androidx.core.app.CoreComponentFactory"
26-->[androidx.core:core:1.1.0] AndroidManifest.xml:24:18-86
27        android:debuggable="true"
28        android:icon="@mipmap/ic_launcher"
28-->src\main\AndroidManifest.xml:8:9-43
29        android:label="insta_clone"
29-->src\main\AndroidManifest.xml:7:9-36
30        android:usesCleartextTraffic="true" >
30-->[:cloud_functions] AndroidManifest.xml:9:9-44
31        <activity
31-->src\main\AndroidManifest.xml:9:9-37:20
32            android:name="com.example.insta_clone.MainActivity"
32-->src\main\AndroidManifest.xml:10:13-41
33            android:configChanges="orientation|keyboardHidden|keyboard|screenSize|smallestScreenSize|locale|layoutDirection|fontScale|screenLayout|density|uiMode"
33-->src\main\AndroidManifest.xml:13:13-163
34            android:hardwareAccelerated="true"
34-->src\main\AndroidManifest.xml:14:13-47
35            android:launchMode="singleTop"
35-->src\main\AndroidManifest.xml:11:13-43
36            android:theme="@style/LaunchTheme"
36-->src\main\AndroidManifest.xml:12:13-47
37            android:windowSoftInputMode="adjustResize" >
37-->src\main\AndroidManifest.xml:15:13-55
38
39            <!--
40                 Specifies an Android theme to apply to this Activity as soon as
41                 the Android process has started. This theme is visible to the user
42                 while the Flutter UI initializes. After that, this theme continues
43                 to determine the Window background behind the Flutter UI.
44            -->
45            <meta-data
45-->src\main\AndroidManifest.xml:20:13-23:17
46                android:name="io.flutter.embedding.android.NormalTheme"
46-->src\main\AndroidManifest.xml:21:15-70
47                android:resource="@style/NormalTheme" />
47-->src\main\AndroidManifest.xml:22:15-52
48            <!--
49                 Displays an Android View that continues showing the launch screen
50                 Drawable until Flutter paints its first frame, then this splash
51                 screen fades out. A splash screen is useful to avoid any visual
52                 gap between the end of Android's launch screen and the painting of
53                 Flutter's first frame.
54            -->
55            <meta-data
55-->src\main\AndroidManifest.xml:29:13-32:17
56                android:name="io.flutter.embedding.android.SplashScreenDrawable"
56-->src\main\AndroidManifest.xml:30:15-79
57                android:resource="@drawable/launch_background" />
57-->src\main\AndroidManifest.xml:31:15-61
58
59            <intent-filter>
59-->src\main\AndroidManifest.xml:33:13-36:29
60                <action android:name="android.intent.action.MAIN" />
60-->src\main\AndroidManifest.xml:34:17-68
60-->src\main\AndroidManifest.xml:34:25-66
61
62                <category android:name="android.intent.category.LAUNCHER" />
62-->src\main\AndroidManifest.xml:35:17-76
62-->src\main\AndroidManifest.xml:35:27-74
63            </intent-filter>
64        </activity>
65        <!--
66             Don't delete the meta-data below.
67             This is used by the Flutter tool to generate GeneratedPluginRegistrant.java
68        -->
69        <meta-data
69-->src\main\AndroidManifest.xml:40:9-42:33
70            android:name="flutterEmbedding"
70-->src\main\AndroidManifest.xml:41:13-44
71            android:value="2" />
71-->src\main\AndroidManifest.xml:42:13-30
72
73        <service
73-->[:cloud_functions] AndroidManifest.xml:11:9-15:19
74            android:name="com.google.firebase.components.ComponentDiscoveryService"
74-->[:cloud_functions] AndroidManifest.xml:11:18-89
75            android:directBootAware="true"
75-->[com.google.firebase:firebase-common:20.0.0] AndroidManifest.xml:35:13-43
76            android:exported="false" >
76-->[com.google.firebase:firebase-functions:20.0.0] AndroidManifest.xml:17:13-37
77            <meta-data
77-->[:cloud_functions] AndroidManifest.xml:12:13-14:85
78                android:name="com.google.firebase.components:io.flutter.plugins.firebase.functions.FlutterFirebaseAppRegistrar"
78-->[:cloud_functions] AndroidManifest.xml:13:17-128
79                android:value="com.google.firebase.components.ComponentRegistrar" />
79-->[:cloud_functions] AndroidManifest.xml:14:17-82
80            <meta-data
80-->[:firebase_auth] AndroidManifest.xml:9:13-11:85
81                android:name="com.google.firebase.components:io.flutter.plugins.firebase.auth.FlutterFirebaseAuthRegistrar"
81-->[:firebase_auth] AndroidManifest.xml:10:17-124
82                android:value="com.google.firebase.components.ComponentRegistrar" />
82-->[:firebase_auth] AndroidManifest.xml:11:17-82
83            <meta-data
83-->[:firebase_database] AndroidManifest.xml:9:13-11:85
84                android:name="com.google.firebase.components:io.flutter.plugins.firebase.database.FlutterFirebaseAppRegistrar"
84-->[:firebase_database] AndroidManifest.xml:10:17-127
85                android:value="com.google.firebase.components.ComponentRegistrar" />
85-->[:firebase_database] AndroidManifest.xml:11:17-82
86            <meta-data
86-->[:firebase_storage] AndroidManifest.xml:9:13-11:85
87                android:name="com.google.firebase.components:io.flutter.plugins.firebase.storage.FlutterFirebaseAppRegistrar"
87-->[:firebase_storage] AndroidManifest.xml:10:17-126
88                android:value="com.google.firebase.components.ComponentRegistrar" />
88-->[:firebase_storage] AndroidManifest.xml:11:17-82
89            <meta-data
89-->[:cloud_firestore] AndroidManifest.xml:9:13-11:85
90                android:name="com.google.firebase.components:io.flutter.plugins.firebase.firestore.FlutterFirebaseFirestoreRegistrar"
90-->[:cloud_firestore] AndroidManifest.xml:10:17-134
91                android:value="com.google.firebase.components.ComponentRegistrar" />
91-->[:cloud_firestore] AndroidManifest.xml:11:17-82
92            <meta-data
92-->[:firebase_core] AndroidManifest.xml:9:13-11:85
93                android:name="com.google.firebase.components:io.flutter.plugins.firebase.core.FlutterFirebaseCoreRegistrar"
93-->[:firebase_core] AndroidManifest.xml:10:17-124
94                android:value="com.google.firebase.components.ComponentRegistrar" />
94-->[:firebase_core] AndroidManifest.xml:11:17-82
95            <meta-data
95-->[com.google.firebase:firebase-functions:20.0.0] AndroidManifest.xml:18:13-20:85
96                android:name="com.google.firebase.components:com.google.firebase.functions.FunctionsRegistrar"
96-->[com.google.firebase:firebase-functions:20.0.0] AndroidManifest.xml:19:17-111
97                android:value="com.google.firebase.components.ComponentRegistrar" />
97-->[com.google.firebase:firebase-functions:20.0.0] AndroidManifest.xml:20:17-82
98            <meta-data
98-->[com.google.firebase:firebase-firestore:23.0.3] AndroidManifest.xml:20:13-22:85
99                android:name="com.google.firebase.components:com.google.firebase.firestore.FirestoreRegistrar"
99-->[com.google.firebase:firebase-firestore:23.0.3] AndroidManifest.xml:21:17-111
100                android:value="com.google.firebase.components.ComponentRegistrar" />
100-->[com.google.firebase:firebase-firestore:23.0.3] AndroidManifest.xml:22:17-82
101            <meta-data
101-->[com.google.firebase:firebase-storage:20.0.0] AndroidManifest.xml:33:13-35:85
102                android:name="com.google.firebase.components:com.google.firebase.storage.StorageRegistrar"
102-->[com.google.firebase:firebase-storage:20.0.0] AndroidManifest.xml:34:17-107
103                android:value="com.google.firebase.components.ComponentRegistrar" />
103-->[com.google.firebase:firebase-storage:20.0.0] AndroidManifest.xml:35:17-82
104            <meta-data
104-->[com.google.firebase:firebase-database:20.0.1] AndroidManifest.xml:32:13-34:85
105                android:name="com.google.firebase.components:com.google.firebase.database.DatabaseRegistrar"
105-->[com.google.firebase:firebase-database:20.0.1] AndroidManifest.xml:33:17-109
106                android:value="com.google.firebase.components.ComponentRegistrar" />
106-->[com.google.firebase:firebase-database:20.0.1] AndroidManifest.xml:34:17-82
107            <meta-data
107-->[com.google.firebase:firebase-auth:21.0.1] AndroidManifest.xml:77:13-79:85
108                android:name="com.google.firebase.components:com.google.firebase.auth.FirebaseAuthRegistrar"
108-->[com.google.firebase:firebase-auth:21.0.1] AndroidManifest.xml:78:17-109
109                android:value="com.google.firebase.components.ComponentRegistrar" />
109-->[com.google.firebase:firebase-auth:21.0.1] AndroidManifest.xml:79:17-82
110            <meta-data
110-->[com.google.firebase:firebase-iid:21.1.0] AndroidManifest.xml:32:13-34:85
111                android:name="com.google.firebase.components:com.google.firebase.iid.Registrar"
111-->[com.google.firebase:firebase-iid:21.1.0] AndroidManifest.xml:33:17-96
112                android:value="com.google.firebase.components.ComponentRegistrar" />
112-->[com.google.firebase:firebase-iid:21.1.0] AndroidManifest.xml:34:17-82
113            <meta-data
113-->[com.google.firebase:firebase-installations:17.0.0] AndroidManifest.xml:18:13-20:85
114                android:name="com.google.firebase.components:com.google.firebase.installations.FirebaseInstallationsRegistrar"
114-->[com.google.firebase:firebase-installations:17.0.0] AndroidManifest.xml:19:17-127
115                android:value="com.google.firebase.components.ComponentRegistrar" />
115-->[com.google.firebase:firebase-installations:17.0.0] AndroidManifest.xml:20:17-82
116        </service>
117
118        <provider
118-->[:image_picker] AndroidManifest.xml:8:9-16:20
119            android:name="io.flutter.plugins.imagepicker.ImagePickerFileProvider"
119-->[:image_picker] AndroidManifest.xml:9:13-82
120            android:authorities="com.example.insta_clone.flutter.image_provider"
120-->[:image_picker] AndroidManifest.xml:10:13-74
121            android:exported="false"
121-->[:image_picker] AndroidManifest.xml:11:13-37
122            android:grantUriPermissions="true" >
122-->[:image_picker] AndroidManifest.xml:12:13-47
123            <meta-data
123-->[:image_picker] AndroidManifest.xml:13:13-15:75
124                android:name="android.support.FILE_PROVIDER_PATHS"
124-->[:image_picker] AndroidManifest.xml:14:17-67
125                android:resource="@xml/flutter_image_picker_file_paths" />
125-->[:image_picker] AndroidManifest.xml:15:17-72
126        </provider>
127        <provider
127-->[com.sangcomz:FishBun:0.11.2] AndroidManifest.xml:12:9-20:20
128            android:name="com.sangcomz.fishbun.FishBunFileProvider"
128-->[com.sangcomz:FishBun:0.11.2] AndroidManifest.xml:13:13-68
129            android:authorities="com.example.insta_clone.fishbunfileprovider"
129-->[com.sangcomz:FishBun:0.11.2] AndroidManifest.xml:14:13-71
130            android:exported="false"
130-->[com.sangcomz:FishBun:0.11.2] AndroidManifest.xml:15:13-37
131            android:grantUriPermissions="true" >
131-->[com.sangcomz:FishBun:0.11.2] AndroidManifest.xml:16:13-47
132            <meta-data
132-->[:image_picker] AndroidManifest.xml:13:13-15:75
133                android:name="android.support.FILE_PROVIDER_PATHS"
133-->[:image_picker] AndroidManifest.xml:14:17-67
134                android:resource="@xml/provider_paths" />
134-->[:image_picker] AndroidManifest.xml:15:17-72
135        </provider>
136
137        <activity
137-->[com.sangcomz:FishBun:0.11.2] AndroidManifest.xml:22:9-25:51
138            android:name="com.sangcomz.fishbun.ui.album.AlbumActivity"
138-->[com.sangcomz:FishBun:0.11.2] AndroidManifest.xml:23:13-71
139            android:label="@string/album"
139-->[com.sangcomz:FishBun:0.11.2] AndroidManifest.xml:24:13-42
140            android:theme="@style/FishBunTheme" />
140-->[com.sangcomz:FishBun:0.11.2] AndroidManifest.xml:25:13-48
141        <activity
141-->[com.sangcomz:FishBun:0.11.2] AndroidManifest.xml:26:9-28:51
142            android:name="com.sangcomz.fishbun.ui.picker.PickerActivity"
142-->[com.sangcomz:FishBun:0.11.2] AndroidManifest.xml:27:13-73
143            android:theme="@style/FishBunTheme" />
143-->[com.sangcomz:FishBun:0.11.2] AndroidManifest.xml:28:13-48
144        <activity
144-->[com.sangcomz:FishBun:0.11.2] AndroidManifest.xml:29:9-31:54
145            android:name="com.sangcomz.fishbun.ui.detail.DetailActivity"
145-->[com.sangcomz:FishBun:0.11.2] AndroidManifest.xml:30:13-73
146            android:theme="@style/DetailViewTheme" />
146-->[com.sangcomz:FishBun:0.11.2] AndroidManifest.xml:31:13-51
147        <activity
147-->[com.google.firebase:firebase-auth:21.0.1] AndroidManifest.xml:27:9-44:20
148            android:name="com.google.firebase.auth.internal.GenericIdpActivity"
148-->[com.google.firebase:firebase-auth:21.0.1] AndroidManifest.xml:28:13-80
149            android:excludeFromRecents="true"
149-->[com.google.firebase:firebase-auth:21.0.1] AndroidManifest.xml:29:13-46
150            android:exported="true"
150-->[com.google.firebase:firebase-auth:21.0.1] AndroidManifest.xml:30:13-36
151            android:launchMode="singleTask"
151-->[com.google.firebase:firebase-auth:21.0.1] AndroidManifest.xml:31:13-44
152            android:theme="@android:style/Theme.Translucent.NoTitleBar" >
152-->[com.google.firebase:firebase-auth:21.0.1] AndroidManifest.xml:32:13-72
153            <intent-filter>
153-->[com.google.firebase:firebase-auth:21.0.1] AndroidManifest.xml:33:13-43:29
154                <action android:name="android.intent.action.VIEW" />
154-->[com.google.firebase:firebase-auth:21.0.1] AndroidManifest.xml:34:17-69
154-->[com.google.firebase:firebase-auth:21.0.1] AndroidManifest.xml:34:25-66
155
156                <category android:name="android.intent.category.DEFAULT" />
156-->[com.google.firebase:firebase-auth:21.0.1] AndroidManifest.xml:36:17-76
156-->[com.google.firebase:firebase-auth:21.0.1] AndroidManifest.xml:36:27-73
157                <category android:name="android.intent.category.BROWSABLE" />
157-->[com.google.firebase:firebase-auth:21.0.1] AndroidManifest.xml:37:17-78
157-->[com.google.firebase:firebase-auth:21.0.1] AndroidManifest.xml:37:27-75
158
159                <data
159-->[com.google.firebase:firebase-auth:21.0.1] AndroidManifest.xml:39:17-42:51
160                    android:host="firebase.auth"
160-->[com.google.firebase:firebase-auth:21.0.1] AndroidManifest.xml:40:21-49
161                    android:path="/"
161-->[com.google.firebase:firebase-auth:21.0.1] AndroidManifest.xml:41:21-37
162                    android:scheme="genericidp" />
162-->[com.google.firebase:firebase-auth:21.0.1] AndroidManifest.xml:42:21-48
163            </intent-filter>
164        </activity>
165        <activity
165-->[com.google.firebase:firebase-auth:21.0.1] AndroidManifest.xml:45:9-62:20
166            android:name="com.google.firebase.auth.internal.RecaptchaActivity"
166-->[com.google.firebase:firebase-auth:21.0.1] AndroidManifest.xml:46:13-79
167            android:excludeFromRecents="true"
167-->[com.google.firebase:firebase-auth:21.0.1] AndroidManifest.xml:47:13-46
168            android:exported="true"
168-->[com.google.firebase:firebase-auth:21.0.1] AndroidManifest.xml:48:13-36
169            android:launchMode="singleTask"
169-->[com.google.firebase:firebase-auth:21.0.1] AndroidManifest.xml:49:13-44
170            android:theme="@android:style/Theme.Translucent.NoTitleBar" >
170-->[com.google.firebase:firebase-auth:21.0.1] AndroidManifest.xml:50:13-72
171            <intent-filter>
171-->[com.google.firebase:firebase-auth:21.0.1] AndroidManifest.xml:51:13-61:29
172                <action android:name="android.intent.action.VIEW" />
172-->[com.google.firebase:firebase-auth:21.0.1] AndroidManifest.xml:34:17-69
172-->[com.google.firebase:firebase-auth:21.0.1] AndroidManifest.xml:34:25-66
173
174                <category android:name="android.intent.category.DEFAULT" />
174-->[com.google.firebase:firebase-auth:21.0.1] AndroidManifest.xml:36:17-76
174-->[com.google.firebase:firebase-auth:21.0.1] AndroidManifest.xml:36:27-73
175                <category android:name="android.intent.category.BROWSABLE" />
175-->[com.google.firebase:firebase-auth:21.0.1] AndroidManifest.xml:37:17-78
175-->[com.google.firebase:firebase-auth:21.0.1] AndroidManifest.xml:37:27-75
176
177                <data
177-->[com.google.firebase:firebase-auth:21.0.1] AndroidManifest.xml:39:17-42:51
178                    android:host="firebase.auth"
178-->[com.google.firebase:firebase-auth:21.0.1] AndroidManifest.xml:40:21-49
179                    android:path="/"
179-->[com.google.firebase:firebase-auth:21.0.1] AndroidManifest.xml:41:21-37
180                    android:scheme="recaptcha" />
180-->[com.google.firebase:firebase-auth:21.0.1] AndroidManifest.xml:42:21-48
181            </intent-filter>
182        </activity>
183
184        <service
184-->[com.google.firebase:firebase-auth:21.0.1] AndroidManifest.xml:64:9-73:19
185            android:name="com.google.firebase.auth.api.fallback.service.FirebaseAuthFallbackService"
185-->[com.google.firebase:firebase-auth:21.0.1] AndroidManifest.xml:65:13-101
186            android:enabled="true"
186-->[com.google.firebase:firebase-auth:21.0.1] AndroidManifest.xml:66:13-35
187            android:exported="false" >
187-->[com.google.firebase:firebase-auth:21.0.1] AndroidManifest.xml:67:13-37
188            <intent-filter>
188-->[com.google.firebase:firebase-auth:21.0.1] AndroidManifest.xml:68:13-72:29
189                <action android:name="com.google.firebase.auth.api.gms.service.START" />
189-->[com.google.firebase:firebase-auth:21.0.1] AndroidManifest.xml:69:17-89
189-->[com.google.firebase:firebase-auth:21.0.1] AndroidManifest.xml:69:25-86
190
191                <category android:name="android.intent.category.DEFAULT" />
191-->[com.google.firebase:firebase-auth:21.0.1] AndroidManifest.xml:36:17-76
191-->[com.google.firebase:firebase-auth:21.0.1] AndroidManifest.xml:36:27-73
192            </intent-filter>
193        </service>
194
195        <activity
195-->[com.google.android.gms:play-services-base:17.1.0] AndroidManifest.xml:23:9-26:75
196            android:name="com.google.android.gms.common.api.GoogleApiActivity"
196-->[com.google.android.gms:play-services-base:17.1.0] AndroidManifest.xml:24:13-79
197            android:exported="false"
197-->[com.google.android.gms:play-services-base:17.1.0] AndroidManifest.xml:25:13-37
198            android:theme="@android:style/Theme.Translucent.NoTitleBar" />
198-->[com.google.android.gms:play-services-base:17.1.0] AndroidManifest.xml:26:13-72
199
200        <provider
200-->[com.google.firebase:firebase-common:20.0.0] AndroidManifest.xml:26:9-31:39
201            android:name="com.google.firebase.provider.FirebaseInitProvider"
201-->[com.google.firebase:firebase-common:20.0.0] AndroidManifest.xml:27:13-77
202            android:authorities="com.example.insta_clone.firebaseinitprovider"
202-->[com.google.firebase:firebase-common:20.0.0] AndroidManifest.xml:28:13-72
203            android:directBootAware="true"
203-->[com.google.firebase:firebase-common:20.0.0] AndroidManifest.xml:29:13-43
204            android:exported="false"
204-->[com.google.firebase:firebase-common:20.0.0] AndroidManifest.xml:30:13-37
205            android:initOrder="100" />
205-->[com.google.firebase:firebase-common:20.0.0] AndroidManifest.xml:31:13-36
206
207        <meta-data
207-->[com.google.android.gms:play-services-basement:17.1.0] AndroidManifest.xml:23:9-25:69
208            android:name="com.google.android.gms.version"
208-->[com.google.android.gms:play-services-basement:17.1.0] AndroidManifest.xml:24:13-58
209            android:value="@integer/google_play_services_version" />
209-->[com.google.android.gms:play-services-basement:17.1.0] AndroidManifest.xml:25:13-66
210    </application>
211
212</manifest>